<?xml version="1.0" encoding="UTF-8"?>
<testsuite name="edu.LibraryTest" tests="1" skipped="0" failures="0" errors="0" timestamp="2024-03-19T21:56:30" hostname="DAVE-LAPTOP" time="0.009">
  <properties/>
  <testcase name="someLibraryMethodReturnsTrue()" classname="edu.LibraryTest" time="0.009"/>
  <system-out><![CDATA[]]></system-out>
  <system-err><![CDATA[]]></system-err>
</testsuite>
